<?xml version="1.0" encoding="UTF-8"?>
<coverage generated="1768375107212" clover="3.2.0">
  <project timestamp="1768375107212" name="All files">
    <metrics statements="6" coveredstatements="4" conditionals="0" coveredconditionals="0" methods="2" coveredmethods="0" elements="8" coveredelements="4" complexity="0" loc="6" ncloc="6" packages="1" files="1" classes="1"/>
    <file name="errormessage.ts" path="/home/dev/Downloads/franchisemultimenu/src/utils/errormessage.ts">
      <metrics statements="6" coveredstatements="4" conditionals="0" coveredconditionals="0" methods="2" coveredmethods="0"/>
      <line num="10" count="1" type="stmt"/>
      <line num="62" count="1" type="stmt"/>
      <line num="110" count="1" type="stmt"/>
      <line num="111" count="0" type="stmt"/>
      <line num="117" count="1" type="stmt"/>
      <line num="118" count="0" type="stmt"/>
    </file>
  </project>
</coverage>
