{"/home/dev/Downloads/franchisemultimenu/src/utils/errormessage.ts": {"path":"/home/dev/Downloads/franchisemultimenu/src/utils/errormessage.ts","statementMap":{"0":{"start":{"line":10,"column":13},"end":{"line":57,"column":11}},"1":{"start":{"line":62,"column":13},"end":{"line":95,"column":11}},"2":{"start":{"line":110,"column":31},"end":{"line":112,"column":1}},"3":{"start":{"line":111,"column":2},"end":{"line":111,"column":27}},"4":{"start":{"line":110,"column":13},"end":{"line":110,"column":31}},"5":{"start":{"line":117,"column":33},"end":{"line":119,"column":1}},"6":{"start":{"line":118,"column":2},"end":{"line":118,"column":29}},"7":{"start":{"line":117,"column":13},"end":{"line":117,"column":33}}},"fnMap":{"0":{"name":"(anonymous_0)","decl":{"start":{"line":110,"column":31},"end":{"line":110,"column":32}},"loc":{"start":{"line":110,"column":64},"end":{"line":112,"column":1}}},"1":{"name":"(anonymous_1)","decl":{"start":{"line":117,"column":33},"end":{"line":117,"column":34}},"loc":{"start":{"line":117,"column":68},"end":{"line":119,"column":1}}}},"branchMap":{},"s":{"0":1,"1":1,"2":1,"3":0,"4":1,"5":1,"6":0,"7":1},"f":{"0":0,"1":0},"b":{}}
}
