{"/home/dev/Downloads/franchisemultimenu/src/utils/errormessage.ts": {"path":"/home/dev/Downloads/franchisemultimenu/src/utils/errormessage.ts","statementMap":{"0":{"start":{"line":10,"column":13},"end":{"line":57,"column":11}},"1":{"start":{"line":62,"column":13},"end":{"line":93,"column":11}},"2":{"start":{"line":108,"column":31},"end":{"line":110,"column":1}},"3":{"start":{"line":109,"column":2},"end":{"line":109,"column":27}},"4":{"start":{"line":108,"column":13},"end":{"line":108,"column":31}},"5":{"start":{"line":115,"column":33},"end":{"line":117,"column":1}},"6":{"start":{"line":116,"column":2},"end":{"line":116,"column":29}},"7":{"start":{"line":115,"column":13},"end":{"line":115,"column":33}}},"fnMap":{"0":{"name":"(anonymous_0)","decl":{"start":{"line":108,"column":31},"end":{"line":108,"column":32}},"loc":{"start":{"line":108,"column":64},"end":{"line":110,"column":1}}},"1":{"name":"(anonymous_1)","decl":{"start":{"line":115,"column":33},"end":{"line":115,"column":34}},"loc":{"start":{"line":115,"column":68},"end":{"line":117,"column":1}}}},"branchMap":{},"s":{"0":1,"1":1,"2":1,"3":0,"4":1,"5":1,"6":0,"7":1},"f":{"0":0,"1":0},"b":{}}
,"/home/dev/Downloads/franchisemultimenu/src/utils/response.ts": {"path":"/home/dev/Downloads/franchisemultimenu/src/utils/response.ts","statementMap":{"0":{"start":{"line":12,"column":23},"end":{"line":22,"column":1}},"1":{"start":{"line":17,"column":2},"end":{"line":21,"column":5}},"2":{"start":{"line":12,"column":13},"end":{"line":12,"column":23}},"3":{"start":{"line":27,"column":22},"end":{"line":36,"column":1}},"4":{"start":{"line":32,"column":2},"end":{"line":35,"column":5}},"5":{"start":{"line":27,"column":14},"end":{"line":27,"column":22}}},"fnMap":{"0":{"name":"(anonymous_0)","decl":{"start":{"line":12,"column":23},"end":{"line":12,"column":null}},"loc":{"start":{"line":16,"column":30},"end":{"line":22,"column":1}}},"1":{"name":"(anonymous_1)","decl":{"start":{"line":27,"column":22},"end":{"line":27,"column":null}},"loc":{"start":{"line":31,"column":33},"end":{"line":36,"column":1}}}},"branchMap":{"0":{"loc":{"start":{"line":15,"column":2},"end":{"line":15,"column":21}},"type":"default-arg","locations":[{"start":{"line":15,"column":12},"end":{"line":15,"column":21}}]},"1":{"loc":{"start":{"line":29,"column":2},"end":{"line":29,"column":19}},"type":"default-arg","locations":[{"start":{"line":29,"column":12},"end":{"line":29,"column":19}}]},"2":{"loc":{"start":{"line":30,"column":2},"end":{"line":30,"column":12}},"type":"default-arg","locations":[{"start":{"line":30,"column":9},"end":{"line":30,"column":12}}]}},"s":{"0":1,"1":5,"2":1,"3":1,"4":6,"5":1},"f":{"0":5,"1":6},"b":{"0":[2],"1":[1],"2":[2]}}
,"/home/dev/Downloads/franchisemultimenu/src/utils/timezone.ts": {"path":"/home/dev/Downloads/franchisemultimenu/src/utils/timezone.ts","statementMap":{"0":{"start":{"line":1,"column":0},"end":{"line":1,"column":46}},"1":{"start":{"line":9,"column":13},"end":{"line":24,"column":11}},"2":{"start":{"line":31,"column":28},"end":{"line":34,"column":1}},"3":{"start":{"line":32,"column":14},"end":{"line":32,"column":27}},"4":{"start":{"line":33,"column":2},"end":{"line":33,"column":13}},"5":{"start":{"line":31,"column":13},"end":{"line":31,"column":28}},"6":{"start":{"line":39,"column":33},"end":{"line":41,"column":1}},"7":{"start":{"line":40,"column":2},"end":{"line":40,"column":30}},"8":{"start":{"line":39,"column":13},"end":{"line":39,"column":33}},"9":{"start":{"line":46,"column":31},"end":{"line":49,"column":1}},"10":{"start":{"line":47,"column":27},"end":{"line":47,"column":57}},"11":{"start":{"line":48,"column":2},"end":{"line":48,"column":28}},"12":{"start":{"line":46,"column":13},"end":{"line":46,"column":31}},"13":{"start":{"line":54,"column":32},"end":{"line":59,"column":1}},"14":{"start":{"line":55,"column":29},"end":{"line":55,"column":53}},"15":{"start":{"line":56,"column":17},"end":{"line":56,"column":31}},"16":{"start":{"line":57,"column":2},"end":{"line":57,"column":40}},"17":{"start":{"line":58,"column":2},"end":{"line":58,"column":16}},"18":{"start":{"line":54,"column":13},"end":{"line":54,"column":32}},"19":{"start":{"line":65,"column":34},"end":{"line":73,"column":1}},"20":{"start":{"line":66,"column":16},"end":{"line":66,"column":39}},"21":{"start":{"line":67,"column":16},"end":{"line":67,"column":39}},"22":{"start":{"line":68,"column":15},"end":{"line":68,"column":48}},"23":{"start":{"line":70,"column":2},"end":{"line":70,"column":26}},"24":{"start":{"line":70,"column":16},"end":{"line":70,"column":26}},"25":{"start":{"line":71,"column":2},"end":{"line":71,"column":25}},"26":{"start":{"line":71,"column":16},"end":{"line":71,"column":25}},"27":{"start":{"line":72,"column":2},"end":{"line":72,"column":11}},"28":{"start":{"line":65,"column":13},"end":{"line":65,"column":34}},"29":{"start":{"line":78,"column":29},"end":{"line":93,"column":1}},"30":{"start":{"line":83,"column":18},"end":{"line":83,"column":47}},"31":{"start":{"line":84,"column":16},"end":{"line":84,"column":43}},"32":{"start":{"line":85,"column":14},"end":{"line":85,"column":39}},"33":{"start":{"line":88,"column":2},"end":{"line":90,"column":3}},"34":{"start":{"line":89,"column":4},"end":{"line":89,"column":46}},"35":{"start":{"line":92,"column":2},"end":{"line":92,"column":44}},"36":{"start":{"line":78,"column":13},"end":{"line":78,"column":29}},"37":{"start":{"line":98,"column":29},"end":{"line":107,"column":1}},"38":{"start":{"line":103,"column":16},"end":{"line":103,"column":79}},"39":{"start":{"line":104,"column":14},"end":{"line":104,"column":71}},"40":{"start":{"line":106,"column":2},"end":{"line":106,"column":52}},"41":{"start":{"line":98,"column":13},"end":{"line":98,"column":29}},"42":{"start":{"line":112,"column":31},"end":{"line":114,"column":1}},"43":{"start":{"line":113,"column":2},"end":{"line":113,"column":42}},"44":{"start":{"line":112,"column":13},"end":{"line":112,"column":31}},"45":{"start":{"line":121,"column":40},"end":{"line":131,"column":1}},"46":{"start":{"line":122,"column":14},"end":{"line":122,"column":24}},"47":{"start":{"line":126,"column":21},"end":{"line":126,"column":82}},"48":{"start":{"line":127,"column":18},"end":{"line":127,"column":76}},"49":{"start":{"line":128,"column":17},"end":{"line":128,"column":57}},"50":{"start":{"line":130,"column":2},"end":{"line":130,"column":42}},"51":{"start":{"line":121,"column":13},"end":{"line":121,"column":40}},"52":{"start":{"line":136,"column":31},"end":{"line":148,"column":1}},"53":{"start":{"line":142,"column":20},"end":{"line":142,"column":76}},"54":{"start":{"line":143,"column":18},"end":{"line":143,"column":37}},"55":{"start":{"line":146,"column":23},"end":{"line":146,"column":80}},"56":{"start":{"line":147,"column":2},"end":{"line":147,"column":32}},"57":{"start":{"line":136,"column":13},"end":{"line":136,"column":31}},"58":{"start":{"line":154,"column":34},"end":{"line":156,"column":1}},"59":{"start":{"line":155,"column":2},"end":{"line":155,"column":50}},"60":{"start":{"line":154,"column":13},"end":{"line":154,"column":34}},"61":{"start":{"line":161,"column":31},"end":{"line":168,"column":1}},"62":{"start":{"line":162,"column":2},"end":{"line":167,"column":3}},"63":{"start":{"line":163,"column":4},"end":{"line":163,"column":59}},"64":{"start":{"line":164,"column":4},"end":{"line":164,"column":16}},"65":{"start":{"line":166,"column":4},"end":{"line":166,"column":17}},"66":{"start":{"line":161,"column":13},"end":{"line":161,"column":31}},"67":{"start":{"line":173,"column":37},"end":{"line":175,"column":1}},"68":{"start":{"line":174,"column":2},"end":{"line":174,"column":32}},"69":{"start":{"line":173,"column":13},"end":{"line":173,"column":37}},"70":{"start":{"line":180,"column":38},"end":{"line":182,"column":1}},"71":{"start":{"line":181,"column":2},"end":{"line":181,"column":56}},"72":{"start":{"line":180,"column":13},"end":{"line":180,"column":38}},"73":{"start":{"line":187,"column":33},"end":{"line":198,"column":1}},"74":{"start":{"line":188,"column":2},"end":{"line":188,"column":43}},"75":{"start":{"line":188,"column":30},"end":{"line":188,"column":43}},"76":{"start":{"line":190,"column":16},"end":{"line":190,"column":42}},"77":{"start":{"line":191,"column":14},"end":{"line":191,"column":38}},"78":{"start":{"line":193,"column":2},"end":{"line":195,"column":3}},"79":{"start":{"line":194,"column":4},"end":{"line":194,"column":17}},"80":{"start":{"line":197,"column":2},"end":{"line":197,"column":14}},"81":{"start":{"line":187,"column":13},"end":{"line":187,"column":33}},"82":{"start":{"line":203,"column":33},"end":{"line":208,"column":1}},"83":{"start":{"line":204,"column":16},"end":{"line":204,"column":79}},"84":{"start":{"line":205,"column":14},"end":{"line":205,"column":71}},"85":{"start":{"line":207,"column":2},"end":{"line":207,"column":21}},"86":{"start":{"line":203,"column":13},"end":{"line":203,"column":33}},"87":{"start":{"line":213,"column":30},"end":{"line":229,"column":1}},"88":{"start":{"line":214,"column":2},"end":{"line":214,"column":30}},"89":{"start":{"line":214,"column":18},"end":{"line":214,"column":30}},"90":{"start":{"line":217,"column":20},"end":{"line":217,"column":54}},"91":{"start":{"line":218,"column":16},"end":{"line":218,"column":42}},"92":{"start":{"line":220,"column":2},"end":{"line":220,"column":26}},"93":{"start":{"line":220,"column":14},"end":{"line":220,"column":26}},"94":{"start":{"line":222,"column":16},"end":{"line":222,"column":38}},"95":{"start":{"line":223,"column":18},"end":{"line":223,"column":40}},"96":{"start":{"line":225,"column":2},"end":{"line":225,"column":43}},"97":{"start":{"line":225,"column":31},"end":{"line":225,"column":43}},"98":{"start":{"line":226,"column":2},"end":{"line":226,"column":47}},"99":{"start":{"line":226,"column":35},"end":{"line":226,"column":47}},"100":{"start":{"line":228,"column":2},"end":{"line":228,"column":87}},"101":{"start":{"line":213,"column":13},"end":{"line":213,"column":30}},"102":{"start":{"line":234,"column":30},"end":{"line":241,"column":1}},"103":{"start":{"line":235,"column":2},"end":{"line":235,"column":36}},"104":{"start":{"line":235,"column":18},"end":{"line":235,"column":36}},"105":{"start":{"line":237,"column":15},"end":{"line":237,"column":34}},"106":{"start":{"line":238,"column":2},"end":{"line":238,"column":41}},"107":{"start":{"line":238,"column":29},"end":{"line":238,"column":41}},"108":{"start":{"line":240,"column":2},"end":{"line":240,"column":14}},"109":{"start":{"line":234,"column":13},"end":{"line":234,"column":30}},"110":{"start":{"line":246,"column":32},"end":{"line":248,"column":1}},"111":{"start":{"line":247,"column":2},"end":{"line":247,"column":30}},"112":{"start":{"line":246,"column":13},"end":{"line":246,"column":32}},"113":{"start":{"line":253,"column":38},"end":{"line":258,"column":1}},"114":{"start":{"line":254,"column":2},"end":{"line":254,"column":49}},"115":{"start":{"line":254,"column":37},"end":{"line":254,"column":49}},"116":{"start":{"line":255,"column":2},"end":{"line":255,"column":37}},"117":{"start":{"line":255,"column":25},"end":{"line":255,"column":37}},"118":{"start":{"line":257,"column":2},"end":{"line":257,"column":50}},"119":{"start":{"line":257,"column":27},"end":{"line":257,"column":48}},"120":{"start":{"line":253,"column":13},"end":{"line":253,"column":38}},"121":{"start":{"line":263,"column":26},"end":{"line":266,"column":1}},"122":{"start":{"line":264,"column":15},"end":{"line":264,"column":93}},"123":{"start":{"line":265,"column":2},"end":{"line":265,"column":38}},"124":{"start":{"line":263,"column":13},"end":{"line":263,"column":26}},"125":{"start":{"line":273,"column":4},"end":{"line":273,"column":19}},"126":{"start":{"line":274,"column":4},"end":{"line":274,"column":32}},"127":{"start":{"line":271,"column":0},"end":{"line":271,"column":13}},"128":{"start":{"line":281,"column":34},"end":{"line":286,"column":1}},"129":{"start":{"line":282,"column":2},"end":{"line":284,"column":3}},"130":{"start":{"line":283,"column":4},"end":{"line":283,"column":69}},"131":{"start":{"line":285,"column":2},"end":{"line":285,"column":44}},"132":{"start":{"line":281,"column":13},"end":{"line":281,"column":34}},"133":{"start":{"line":291,"column":36},"end":{"line":305,"column":1}},"134":{"start":{"line":296,"column":2},"end":{"line":298,"column":3}},"135":{"start":{"line":297,"column":4},"end":{"line":297,"column":69}},"136":{"start":{"line":300,"column":29},"end":{"line":300,"column":53}},"137":{"start":{"line":301,"column":15},"end":{"line":301,"column":32}},"138":{"start":{"line":302,"column":2},"end":{"line":302,"column":38}},"139":{"start":{"line":304,"column":2},"end":{"line":304,"column":48}},"140":{"start":{"line":291,"column":13},"end":{"line":291,"column":36}}},"fnMap":{"0":{"name":"(anonymous_0)","decl":{"start":{"line":31,"column":28},"end":{"line":31,"column":29}},"loc":{"start":{"line":31,"column":51},"end":{"line":34,"column":1}}},"1":{"name":"(anonymous_1)","decl":{"start":{"line":39,"column":33},"end":{"line":39,"column":34}},"loc":{"start":{"line":39,"column":58},"end":{"line":41,"column":1}}},"2":{"name":"(anonymous_2)","decl":{"start":{"line":46,"column":31},"end":{"line":46,"column":32}},"loc":{"start":{"line":46,"column":87},"end":{"line":49,"column":1}}},"3":{"name":"(anonymous_3)","decl":{"start":{"line":54,"column":32},"end":{"line":54,"column":33}},"loc":{"start":{"line":54,"column":83},"end":{"line":59,"column":1}}},"4":{"name":"(anonymous_4)","decl":{"start":{"line":65,"column":34},"end":{"line":65,"column":35}},"loc":{"start":{"line":65,"column":75},"end":{"line":73,"column":1}}},"5":{"name":"(anonymous_5)","decl":{"start":{"line":78,"column":29},"end":{"line":78,"column":null}},"loc":{"start":{"line":82,"column":13},"end":{"line":93,"column":1}}},"6":{"name":"(anonymous_6)","decl":{"start":{"line":98,"column":29},"end":{"line":98,"column":null}},"loc":{"start":{"line":102,"column":13},"end":{"line":107,"column":1}}},"7":{"name":"(anonymous_7)","decl":{"start":{"line":112,"column":31},"end":{"line":112,"column":32}},"loc":{"start":{"line":112,"column":54},"end":{"line":114,"column":1}}},"8":{"name":"(anonymous_8)","decl":{"start":{"line":121,"column":40},"end":{"line":121,"column":41}},"loc":{"start":{"line":121,"column":67},"end":{"line":131,"column":1}}},"9":{"name":"(anonymous_9)","decl":{"start":{"line":136,"column":31},"end":{"line":136,"column":null}},"loc":{"start":{"line":140,"column":10},"end":{"line":148,"column":1}}},"10":{"name":"(anonymous_10)","decl":{"start":{"line":154,"column":34},"end":{"line":154,"column":35}},"loc":{"start":{"line":154,"column":67},"end":{"line":156,"column":1}}},"11":{"name":"(anonymous_11)","decl":{"start":{"line":161,"column":31},"end":{"line":161,"column":32}},"loc":{"start":{"line":161,"column":61},"end":{"line":168,"column":1}}},"12":{"name":"(anonymous_12)","decl":{"start":{"line":173,"column":37},"end":{"line":173,"column":50}},"loc":{"start":{"line":173,"column":52},"end":{"line":175,"column":1}}},"13":{"name":"(anonymous_13)","decl":{"start":{"line":180,"column":38},"end":{"line":180,"column":39}},"loc":{"start":{"line":180,"column":67},"end":{"line":182,"column":1}}},"14":{"name":"(anonymous_14)","decl":{"start":{"line":187,"column":33},"end":{"line":187,"column":34}},"loc":{"start":{"line":187,"column":81},"end":{"line":198,"column":1}}},"15":{"name":"(anonymous_15)","decl":{"start":{"line":203,"column":33},"end":{"line":203,"column":34}},"loc":{"start":{"line":203,"column":95},"end":{"line":208,"column":1}}},"16":{"name":"(anonymous_16)","decl":{"start":{"line":213,"column":30},"end":{"line":213,"column":31}},"loc":{"start":{"line":213,"column":79},"end":{"line":229,"column":1}}},"17":{"name":"(anonymous_17)","decl":{"start":{"line":234,"column":30},"end":{"line":234,"column":31}},"loc":{"start":{"line":234,"column":77},"end":{"line":241,"column":1}}},"18":{"name":"(anonymous_18)","decl":{"start":{"line":246,"column":32},"end":{"line":246,"column":33}},"loc":{"start":{"line":246,"column":57},"end":{"line":248,"column":1}}},"19":{"name":"(anonymous_19)","decl":{"start":{"line":253,"column":38},"end":{"line":253,"column":39}},"loc":{"start":{"line":253,"column":78},"end":{"line":258,"column":1}}},"20":{"name":"(anonymous_20)","decl":{"start":{"line":257,"column":20},"end":{"line":257,"column":23}},"loc":{"start":{"line":257,"column":27},"end":{"line":257,"column":48}}},"21":{"name":"(anonymous_21)","decl":{"start":{"line":263,"column":26},"end":{"line":263,"column":27}},"loc":{"start":{"line":263,"column":56},"end":{"line":266,"column":1}}},"22":{"name":"(anonymous_22)","decl":{"start":{"line":272,"column":2},"end":{"line":272,"column":14}},"loc":{"start":{"line":272,"column":29},"end":{"line":275,"column":3}}},"23":{"name":"(anonymous_23)","decl":{"start":{"line":281,"column":34},"end":{"line":281,"column":35}},"loc":{"start":{"line":281,"column":61},"end":{"line":286,"column":1}}},"24":{"name":"(anonymous_24)","decl":{"start":{"line":291,"column":36},"end":{"line":291,"column":null}},"loc":{"start":{"line":295,"column":10},"end":{"line":305,"column":1}}}},"branchMap":{"0":{"loc":{"start":{"line":54,"column":50},"end":{"line":54,"column":73}},"type":"default-arg","locations":[{"start":{"line":54,"column":63},"end":{"line":54,"column":73}}]},"1":{"loc":{"start":{"line":70,"column":2},"end":{"line":70,"column":26}},"type":"if","locations":[{"start":{"line":70,"column":2},"end":{"line":70,"column":26}}]},"2":{"loc":{"start":{"line":71,"column":2},"end":{"line":71,"column":25}},"type":"if","locations":[{"start":{"line":71,"column":2},"end":{"line":71,"column":25}}]},"3":{"loc":{"start":{"line":88,"column":2},"end":{"line":90,"column":3}},"type":"if","locations":[{"start":{"line":88,"column":2},"end":{"line":90,"column":3}}]},"4":{"loc":{"start":{"line":89,"column":11},"end":{"line":89,"column":45}},"type":"binary-expr","locations":[{"start":{"line":89,"column":11},"end":{"line":89,"column":27}},{"start":{"line":89,"column":31},"end":{"line":89,"column":45}}]},"5":{"loc":{"start":{"line":92,"column":9},"end":{"line":92,"column":43}},"type":"binary-expr","locations":[{"start":{"line":92,"column":9},"end":{"line":92,"column":25}},{"start":{"line":92,"column":29},"end":{"line":92,"column":43}}]},"6":{"loc":{"start":{"line":103,"column":16},"end":{"line":103,"column":79}},"type":"cond-expr","locations":[{"start":{"line":103,"column":48},"end":{"line":103,"column":67}},{"start":{"line":103,"column":70},"end":{"line":103,"column":79}}]},"7":{"loc":{"start":{"line":104,"column":14},"end":{"line":104,"column":71}},"type":"cond-expr","locations":[{"start":{"line":104,"column":44},"end":{"line":104,"column":61}},{"start":{"line":104,"column":64},"end":{"line":104,"column":71}}]},"8":{"loc":{"start":{"line":106,"column":9},"end":{"line":106,"column":51}},"type":"binary-expr","locations":[{"start":{"line":106,"column":9},"end":{"line":106,"column":29}},{"start":{"line":106,"column":33},"end":{"line":106,"column":51}}]},"9":{"loc":{"start":{"line":181,"column":9},"end":{"line":181,"column":55}},"type":"binary-expr","locations":[{"start":{"line":181,"column":9},"end":{"line":181,"column":43}},{"start":{"line":181,"column":47},"end":{"line":181,"column":55}}]},"10":{"loc":{"start":{"line":188,"column":2},"end":{"line":188,"column":43}},"type":"if","locations":[{"start":{"line":188,"column":2},"end":{"line":188,"column":43}}]},"11":{"loc":{"start":{"line":188,"column":6},"end":{"line":188,"column":28}},"type":"binary-expr","locations":[{"start":{"line":188,"column":6},"end":{"line":188,"column":16}},{"start":{"line":188,"column":20},"end":{"line":188,"column":28}}]},"12":{"loc":{"start":{"line":193,"column":2},"end":{"line":195,"column":3}},"type":"if","locations":[{"start":{"line":193,"column":2},"end":{"line":195,"column":3}}]},"13":{"loc":{"start":{"line":193,"column":6},"end":{"line":193,"column":64}},"type":"binary-expr","locations":[{"start":{"line":193,"column":6},"end":{"line":193,"column":31}},{"start":{"line":193,"column":35},"end":{"line":193,"column":64}}]},"14":{"loc":{"start":{"line":204,"column":16},"end":{"line":204,"column":79}},"type":"cond-expr","locations":[{"start":{"line":204,"column":48},"end":{"line":204,"column":67}},{"start":{"line":204,"column":70},"end":{"line":204,"column":79}}]},"15":{"loc":{"start":{"line":205,"column":14},"end":{"line":205,"column":71}},"type":"cond-expr","locations":[{"start":{"line":205,"column":44},"end":{"line":205,"column":61}},{"start":{"line":205,"column":64},"end":{"line":205,"column":71}}]},"16":{"loc":{"start":{"line":214,"column":2},"end":{"line":214,"column":30}},"type":"if","locations":[{"start":{"line":214,"column":2},"end":{"line":214,"column":30}}]},"17":{"loc":{"start":{"line":220,"column":2},"end":{"line":220,"column":26}},"type":"if","locations":[{"start":{"line":220,"column":2},"end":{"line":220,"column":26}}]},"18":{"loc":{"start":{"line":225,"column":2},"end":{"line":225,"column":43}},"type":"if","locations":[{"start":{"line":225,"column":2},"end":{"line":225,"column":43}}]},"19":{"loc":{"start":{"line":225,"column":6},"end":{"line":225,"column":29}},"type":"binary-expr","locations":[{"start":{"line":225,"column":6},"end":{"line":225,"column":15}},{"start":{"line":225,"column":19},"end":{"line":225,"column":29}}]},"20":{"loc":{"start":{"line":226,"column":2},"end":{"line":226,"column":47}},"type":"if","locations":[{"start":{"line":226,"column":2},"end":{"line":226,"column":47}}]},"21":{"loc":{"start":{"line":226,"column":6},"end":{"line":226,"column":33}},"type":"binary-expr","locations":[{"start":{"line":226,"column":6},"end":{"line":226,"column":17}},{"start":{"line":226,"column":21},"end":{"line":226,"column":33}}]},"22":{"loc":{"start":{"line":235,"column":2},"end":{"line":235,"column":36}},"type":"if","locations":[{"start":{"line":235,"column":2},"end":{"line":235,"column":36}}]},"23":{"loc":{"start":{"line":238,"column":2},"end":{"line":238,"column":41}},"type":"if","locations":[{"start":{"line":238,"column":2},"end":{"line":238,"column":41}}]},"24":{"loc":{"start":{"line":247,"column":9},"end":{"line":247,"column":29}},"type":"binary-expr","locations":[{"start":{"line":247,"column":9},"end":{"line":247,"column":17}},{"start":{"line":247,"column":21},"end":{"line":247,"column":29}}]},"25":{"loc":{"start":{"line":254,"column":2},"end":{"line":254,"column":49}},"type":"if","locations":[{"start":{"line":254,"column":2},"end":{"line":254,"column":49}}]},"26":{"loc":{"start":{"line":254,"column":6},"end":{"line":254,"column":35}},"type":"binary-expr","locations":[{"start":{"line":254,"column":6},"end":{"line":254,"column":11}},{"start":{"line":254,"column":15},"end":{"line":254,"column":35}}]},"27":{"loc":{"start":{"line":255,"column":2},"end":{"line":255,"column":37}},"type":"if","locations":[{"start":{"line":255,"column":2},"end":{"line":255,"column":37}}]},"28":{"loc":{"start":{"line":265,"column":9},"end":{"line":265,"column":37}},"type":"binary-expr","locations":[{"start":{"line":265,"column":9},"end":{"line":265,"column":24}},{"start":{"line":265,"column":28},"end":{"line":265,"column":37}}]},"29":{"loc":{"start":{"line":282,"column":2},"end":{"line":284,"column":3}},"type":"if","locations":[{"start":{"line":282,"column":2},"end":{"line":284,"column":3}}]},"30":{"loc":{"start":{"line":296,"column":2},"end":{"line":298,"column":3}},"type":"if","locations":[{"start":{"line":296,"column":2},"end":{"line":298,"column":3}}]}},"s":{"0":1,"1":1,"2":1,"3":3,"4":3,"5":1,"6":1,"7":0,"8":1,"9":1,"10":43,"11":43,"12":1,"13":1,"14":35,"15":35,"16":35,"17":35,"18":1,"19":1,"20":3,"21":3,"22":3,"23":3,"24":1,"25":2,"26":1,"27":1,"28":1,"29":1,"30":9,"31":9,"32":9,"33":9,"34":4,"35":5,"36":1,"37":1,"38":4,"39":4,"40":4,"41":1,"42":1,"43":0,"44":1,"45":1,"46":0,"47":0,"48":0,"49":0,"50":0,"51":1,"52":1,"53":0,"54":0,"55":0,"56":0,"57":1,"58":1,"59":0,"60":1,"61":1,"62":4,"63":4,"64":3,"65":1,"66":1,"67":1,"68":0,"69":1,"70":1,"71":0,"72":1,"73":1,"74":4,"75":2,"76":2,"77":2,"78":2,"79":1,"80":1,"81":1,"82":1,"83":3,"84":3,"85":3,"86":1,"87":1,"88":6,"89":1,"90":5,"91":5,"92":5,"93":1,"94":4,"95":4,"96":4,"97":1,"98":3,"99":1,"100":2,"101":1,"102":1,"103":3,"104":0,"105":3,"106":3,"107":2,"108":1,"109":1,"110":1,"111":10,"112":1,"113":1,"114":0,"115":0,"116":0,"117":0,"118":0,"119":0,"120":1,"121":1,"122":8,"123":8,"124":1,"125":0,"126":0,"127":1,"128":1,"129":0,"130":0,"131":0,"132":1,"133":1,"134":0,"135":0,"136":0,"137":0,"138":0,"139":0,"140":1},"f":{"0":3,"1":0,"2":43,"3":35,"4":3,"5":9,"6":4,"7":0,"8":0,"9":0,"10":0,"11":4,"12":0,"13":0,"14":4,"15":3,"16":6,"17":3,"18":10,"19":0,"20":0,"21":8,"22":0,"23":0,"24":0},"b":{"0":[34],"1":[1],"2":[1],"3":[4],"4":[4,3],"5":[5,4],"6":[1,3],"7":[1,3],"8":[4,3],"9":[0,0],"10":[2],"11":[4,3],"12":[1],"13":[2,1],"14":[3,0],"15":[3,0],"16":[1],"17":[1],"18":[1],"19":[4,4],"20":[1],"21":[3,3],"22":[0],"23":[2],"24":[10,9],"25":[0],"26":[0,0],"27":[0],"28":[8,1],"29":[0],"30":[0]}}
,"/home/dev/Downloads/franchisemultimenu/src/validators/schedule.schemas.ts": {"path":"/home/dev/Downloads/franchisemultimenu/src/validators/schedule.schemas.ts","statementMap":{"0":{"start":{"line":1,"column":0},"end":{"line":1,"column":24}},"1":{"start":{"line":6,"column":13},"end":{"line":6,"column":68}},"2":{"start":{"line":11,"column":24},"end":{"line":14,"column":35}},"3":{"start":{"line":20,"column":13},"end":{"line":68,"column":3}},"4":{"start":{"line":40,"column":26},"end":{"line":44,"column":4}},"5":{"start":{"line":63,"column":26},"end":{"line":67,"column":4}},"6":{"start":{"line":74,"column":13},"end":{"line":100,"column":3}},"7":{"start":{"line":103,"column":0},"end":{"line":124,"column":2}},"8":{"start":{"line":106,"column":4},"end":{"line":117,"column":5}},"9":{"start":{"line":107,"column":20},"end":{"line":107,"column":58}},"10":{"start":{"line":108,"column":18},"end":{"line":108,"column":54}},"11":{"start":{"line":109,"column":24},"end":{"line":109,"column":48}},"12":{"start":{"line":110,"column":22},"end":{"line":110,"column":42}},"13":{"start":{"line":113,"column":6},"end":{"line":115,"column":7}},"14":{"start":{"line":114,"column":8},"end":{"line":114,"column":20}},"15":{"start":{"line":116,"column":6},"end":{"line":116,"column":33}},"16":{"start":{"line":118,"column":4},"end":{"line":118,"column":16}},"17":{"start":{"line":127,"column":0},"end":{"line":141,"column":2}},"18":{"start":{"line":130,"column":4},"end":{"line":134,"column":5}},"19":{"start":{"line":131,"column":20},"end":{"line":131,"column":45}},"20":{"start":{"line":132,"column":18},"end":{"line":132,"column":41}},"21":{"start":{"line":133,"column":6},"end":{"line":133,"column":25}},"22":{"start":{"line":135,"column":4},"end":{"line":135,"column":16}},"23":{"start":{"line":146,"column":13},"end":{"line":156,"column":3}},"24":{"start":{"line":161,"column":13},"end":{"line":174,"column":3}},"25":{"start":{"line":179,"column":13},"end":{"line":181,"column":3}},"26":{"start":{"line":186,"column":13},"end":{"line":188,"column":3}}},"fnMap":{"0":{"name":"(anonymous_0)","decl":{"start":{"line":40,"column":15},"end":{"line":40,"column":16}},"loc":{"start":{"line":40,"column":26},"end":{"line":44,"column":4}}},"1":{"name":"(anonymous_1)","decl":{"start":{"line":63,"column":15},"end":{"line":63,"column":16}},"loc":{"start":{"line":63,"column":26},"end":{"line":67,"column":4}}},"2":{"name":"(anonymous_2)","decl":{"start":{"line":104,"column":2},"end":{"line":104,"column":3}},"loc":{"start":{"line":104,"column":11},"end":{"line":119,"column":3}}},"3":{"name":"(anonymous_3)","decl":{"start":{"line":128,"column":2},"end":{"line":128,"column":3}},"loc":{"start":{"line":128,"column":11},"end":{"line":136,"column":3}}}},"branchMap":{"0":{"loc":{"start":{"line":42,"column":14},"end":{"line":42,"column":36}},"type":"binary-expr","locations":[{"start":{"line":42,"column":14},"end":{"line":42,"column":27}},{"start":{"line":42,"column":31},"end":{"line":42,"column":36}}]},"1":{"loc":{"start":{"line":43,"column":15},"end":{"line":43,"column":37}},"type":"binary-expr","locations":[{"start":{"line":43,"column":15},"end":{"line":43,"column":29}},{"start":{"line":43,"column":33},"end":{"line":43,"column":37}}]},"2":{"loc":{"start":{"line":65,"column":14},"end":{"line":65,"column":36}},"type":"binary-expr","locations":[{"start":{"line":65,"column":14},"end":{"line":65,"column":27}},{"start":{"line":65,"column":31},"end":{"line":65,"column":36}}]},"3":{"loc":{"start":{"line":66,"column":15},"end":{"line":66,"column":37}},"type":"binary-expr","locations":[{"start":{"line":66,"column":15},"end":{"line":66,"column":29}},{"start":{"line":66,"column":33},"end":{"line":66,"column":37}}]},"4":{"loc":{"start":{"line":106,"column":4},"end":{"line":117,"column":5}},"type":"if","locations":[{"start":{"line":106,"column":4},"end":{"line":117,"column":5}}]},"5":{"loc":{"start":{"line":106,"column":8},"end":{"line":106,"column":40}},"type":"binary-expr","locations":[{"start":{"line":106,"column":8},"end":{"line":106,"column":23}},{"start":{"line":106,"column":27},"end":{"line":106,"column":40}}]},"6":{"loc":{"start":{"line":113,"column":6},"end":{"line":115,"column":7}},"type":"if","locations":[{"start":{"line":113,"column":6},"end":{"line":115,"column":7}}]},"7":{"loc":{"start":{"line":113,"column":10},"end":{"line":113,"column":47}},"type":"binary-expr","locations":[{"start":{"line":113,"column":10},"end":{"line":113,"column":30}},{"start":{"line":113,"column":34},"end":{"line":113,"column":47}}]},"8":{"loc":{"start":{"line":130,"column":4},"end":{"line":134,"column":5}},"type":"if","locations":[{"start":{"line":130,"column":4},"end":{"line":134,"column":5}}]},"9":{"loc":{"start":{"line":130,"column":8},"end":{"line":130,"column":40}},"type":"binary-expr","locations":[{"start":{"line":130,"column":8},"end":{"line":130,"column":23}},{"start":{"line":130,"column":27},"end":{"line":130,"column":40}}]}},"s":{"0":1,"1":1,"2":1,"3":1,"4":1,"5":1,"6":1,"7":1,"8":0,"9":0,"10":0,"11":0,"12":0,"13":0,"14":0,"15":0,"16":0,"17":1,"18":0,"19":0,"20":0,"21":0,"22":0,"23":1,"24":1,"25":1,"26":1},"f":{"0":1,"1":1,"2":0,"3":0},"b":{"0":[1,0],"1":[1,0],"2":[1,0],"3":[1,0],"4":[0],"5":[0,0],"6":[0],"7":[0,0],"8":[0],"9":[0,0]}}
,"/home/dev/Downloads/franchisemultimenu/src/validators/schemas.ts": {"path":"/home/dev/Downloads/franchisemultimenu/src/validators/schemas.ts","statementMap":{"0":{"start":{"line":1,"column":0},"end":{"line":1,"column":24}},"1":{"start":{"line":7,"column":13},"end":{"line":16,"column":3}},"2":{"start":{"line":24,"column":13},"end":{"line":38,"column":3}},"3":{"start":{"line":46,"column":13},"end":{"line":61,"column":3}},"4":{"start":{"line":69,"column":13},"end":{"line":74,"column":3}},"5":{"start":{"line":82,"column":13},"end":{"line":87,"column":3}},"6":{"start":{"line":95,"column":13},"end":{"line":114,"column":3}},"7":{"start":{"line":122,"column":13},"end":{"line":133,"column":3}},"8":{"start":{"line":140,"column":13},"end":{"line":159,"column":3}},"9":{"start":{"line":166,"column":13},"end":{"line":171,"column":3}}},"fnMap":{},"branchMap":{},"s":{"0":1,"1":1,"2":1,"3":1,"4":1,"5":1,"6":1,"7":1,"8":1,"9":1},"f":{},"b":{}}
}
