TN:
SF:src/utils/errormessage.ts
FN:108,(anonymous_0)
FN:115,(anonymous_1)
FNF:2
FNH:0
FNDA:0,(anonymous_0)
FNDA:0,(anonymous_1)
DA:10,1
DA:62,1
DA:108,1
DA:109,0
DA:115,1
DA:116,0
LF:6
LH:4
BRF:0
BRH:0
end_of_record
TN:
SF:src/utils/response.ts
FN:12,(anonymous_0)
FN:27,(anonymous_1)
FNF:2
FNH:2
FNDA:5,(anonymous_0)
FNDA:6,(anonymous_1)
DA:12,1
DA:17,5
DA:27,1
DA:32,6
LF:4
LH:4
BRDA:15,0,0,2
BRDA:29,1,0,1
BRDA:30,2,0,2
BRF:3
BRH:3
end_of_record
TN:
SF:src/utils/timezone.ts
FN:31,(anonymous_0)
FN:39,(anonymous_1)
FN:46,(anonymous_2)
FN:54,(anonymous_3)
FN:65,(anonymous_4)
FN:78,(anonymous_5)
FN:98,(anonymous_6)
FN:112,(anonymous_7)
FN:121,(anonymous_8)
FN:136,(anonymous_9)
FN:154,(anonymous_10)
FN:161,(anonymous_11)
FN:173,(anonymous_12)
FN:180,(anonymous_13)
FN:187,(anonymous_14)
FN:203,(anonymous_15)
FN:213,(anonymous_16)
FN:234,(anonymous_17)
FN:246,(anonymous_18)
FN:253,(anonymous_19)
FN:257,(anonymous_20)
FN:263,(anonymous_21)
FN:272,(anonymous_22)
FN:281,(anonymous_23)
FN:291,(anonymous_24)
FNF:25
FNH:13
FNDA:3,(anonymous_0)
FNDA:0,(anonymous_1)
FNDA:43,(anonymous_2)
FNDA:35,(anonymous_3)
FNDA:3,(anonymous_4)
FNDA:9,(anonymous_5)
FNDA:4,(anonymous_6)
FNDA:0,(anonymous_7)
FNDA:0,(anonymous_8)
FNDA:0,(anonymous_9)
FNDA:0,(anonymous_10)
FNDA:4,(anonymous_11)
FNDA:0,(anonymous_12)
FNDA:0,(anonymous_13)
FNDA:4,(anonymous_14)
FNDA:3,(anonymous_15)
FNDA:6,(anonymous_16)
FNDA:3,(anonymous_17)
FNDA:10,(anonymous_18)
FNDA:0,(anonymous_19)
FNDA:0,(anonymous_20)
FNDA:8,(anonymous_21)
FNDA:0,(anonymous_22)
FNDA:0,(anonymous_23)
FNDA:0,(anonymous_24)
DA:1,1
DA:9,1
DA:31,1
DA:32,3
DA:33,3
DA:39,1
DA:40,0
DA:46,1
DA:47,43
DA:48,43
DA:54,1
DA:55,35
DA:56,35
DA:57,35
DA:58,35
DA:65,1
DA:66,3
DA:67,3
DA:68,3
DA:70,3
DA:71,2
DA:72,1
DA:78,1
DA:83,9
DA:84,9
DA:85,9
DA:88,9
DA:89,4
DA:92,5
DA:98,1
DA:103,4
DA:104,4
DA:106,4
DA:112,1
DA:113,0
DA:121,1
DA:122,0
DA:126,0
DA:127,0
DA:128,0
DA:130,0
DA:136,1
DA:142,0
DA:143,0
DA:146,0
DA:147,0
DA:154,1
DA:155,0
DA:161,1
DA:162,4
DA:163,4
DA:164,3
DA:166,1
DA:173,1
DA:174,0
DA:180,1
DA:181,0
DA:187,1
DA:188,4
DA:190,2
DA:191,2
DA:193,2
DA:194,1
DA:197,1
DA:203,1
DA:204,3
DA:205,3
DA:207,3
DA:213,1
DA:214,6
DA:217,5
DA:218,5
DA:220,5
DA:222,4
DA:223,4
DA:225,4
DA:226,3
DA:228,2
DA:234,1
DA:235,3
DA:237,3
DA:238,3
DA:240,1
DA:246,1
DA:247,10
DA:253,1
DA:254,0
DA:255,0
DA:257,0
DA:263,1
DA:264,8
DA:265,8
DA:271,1
DA:273,0
DA:274,0
DA:281,1
DA:282,0
DA:283,0
DA:285,0
DA:291,1
DA:296,0
DA:297,0
DA:300,0
DA:301,0
DA:302,0
DA:304,0
LF:106
LH:78
BRDA:54,0,0,34
BRDA:70,1,0,1
BRDA:71,2,0,1
BRDA:88,3,0,4
BRDA:89,4,0,4
BRDA:89,4,1,3
BRDA:92,5,0,5
BRDA:92,5,1,4
BRDA:103,6,0,1
BRDA:103,6,1,3
BRDA:104,7,0,1
BRDA:104,7,1,3
BRDA:106,8,0,4
BRDA:106,8,1,3
BRDA:181,9,0,0
BRDA:181,9,1,0
BRDA:188,10,0,2
BRDA:188,11,0,4
BRDA:188,11,1,3
BRDA:193,12,0,1
BRDA:193,13,0,2
BRDA:193,13,1,1
BRDA:204,14,0,3
BRDA:204,14,1,0
BRDA:205,15,0,3
BRDA:205,15,1,0
BRDA:214,16,0,1
BRDA:220,17,0,1
BRDA:225,18,0,1
BRDA:225,19,0,4
BRDA:225,19,1,4
BRDA:226,20,0,1
BRDA:226,21,0,3
BRDA:226,21,1,3
BRDA:235,22,0,0
BRDA:238,23,0,2
BRDA:247,24,0,10
BRDA:247,24,1,9
BRDA:254,25,0,0
BRDA:254,26,0,0
BRDA:254,26,1,0
BRDA:255,27,0,0
BRDA:265,28,0,8
BRDA:265,28,1,1
BRDA:282,29,0,0
BRDA:296,30,0,0
BRF:46
BRH:35
end_of_record
TN:
SF:src/validators/schedule.schemas.ts
FN:40,(anonymous_0)
FN:63,(anonymous_1)
FN:104,(anonymous_2)
FN:128,(anonymous_3)
FNF:4
FNH:2
FNDA:1,(anonymous_0)
FNDA:1,(anonymous_1)
FNDA:0,(anonymous_2)
FNDA:0,(anonymous_3)
DA:1,1
DA:6,1
DA:11,1
DA:20,1
DA:40,1
DA:63,1
DA:74,1
DA:103,1
DA:106,0
DA:107,0
DA:108,0
DA:109,0
DA:110,0
DA:113,0
DA:114,0
DA:116,0
DA:118,0
DA:127,1
DA:130,0
DA:131,0
DA:132,0
DA:133,0
DA:135,0
DA:146,1
DA:161,1
DA:179,1
DA:186,1
LF:27
LH:13
BRDA:42,0,0,1
BRDA:42,0,1,0
BRDA:43,1,0,1
BRDA:43,1,1,0
BRDA:65,2,0,1
BRDA:65,2,1,0
BRDA:66,3,0,1
BRDA:66,3,1,0
BRDA:106,4,0,0
BRDA:106,5,0,0
BRDA:106,5,1,0
BRDA:113,6,0,0
BRDA:113,7,0,0
BRDA:113,7,1,0
BRDA:130,8,0,0
BRDA:130,9,0,0
BRDA:130,9,1,0
BRF:17
BRH:4
end_of_record
TN:
SF:src/validators/schemas.ts
FNF:0
FNH:0
DA:1,1
DA:7,1
DA:24,1
DA:46,1
DA:69,1
DA:82,1
DA:95,1
DA:122,1
DA:140,1
DA:166,1
LF:10
LH:10
BRF:0
BRH:0
end_of_record
